# JRE version: OpenJDK Runtime Environment (11.0.6+10) (build 11.0.6+10)
# Java VM: OpenJDK 64-Bit Server VM (11.0.6+10, mixed mode, tiered, compressed oops, g1 gc, windows-amd64)
Heap:
 garbage-first heap   total 155648K, used 99840K [0x0000000082600000, 0x0000000100000000)
  region size 1024K, 4 young (4096K), 2 survivors (2048K)
 Metaspace       used 10302K, capacity 10474K, committed 10752K, reserved 1058816K
  class space    used 915K, capacity 974K, committed 1024K, reserved 1048576K
GC Heap History (14 events):
Event: 4.266 GC heap before
{Heap before GC invocations=0 (full 0):
 garbage-first heap   total 129024K, used 23552K [0x0000000082600000, 0x0000000100000000)
  region size 1024K, 24 young (24576K), 0 survivors (0K)
 Metaspace       used 10097K, capacity 10282K, committed 10496K, reserved 1058816K
  class space    used 908K, capacity 974K, committed 1024K, reserved 1048576K
}
Event: 4.286 GC heap after
{Heap after GC invocations=1 (full 0):
 garbage-first heap   total 129024K, used 17371K [0x0000000082600000, 0x0000000100000000)
  region size 1024K, 3 young (3072K), 3 survivors (3072K)
 Metaspace       used 10097K, capacity 10282K, committed 10496K, reserved 1058816K
  class space    used 908K, capacity 974K, committed 1024K, reserved 1048576K
}
Event: 4.313 GC heap before
{Heap before GC invocations=1 (full 0):
 garbage-first heap   total 129024K, used 30683K [0x0000000082600000, 0x0000000100000000)
  region size 1024K, 16 young (16384K), 3 survivors (3072K)
 Metaspace       used 10098K, capacity 10282K, committed 10496K, reserved 1058816K
  class space    used 908K, capacity 974K, committed 1024K, reserved 1048576K
}
Event: 4.327 GC heap after
{Heap after GC invocations=2 (full 0):
 garbage-first heap   total 129024K, used 29628K [0x0000000082600000, 0x0000000100000000)
  region size 1024K, 2 young (2048K), 2 survivors (2048K)
 Metaspace       used 10098K, capacity 10282K, committed 10496K, reserved 1058816K
  class space    used 908K, capacity 974K, committed 1024K, reserved 1048576K
}
Event: 4.349 GC heap before
{Heap before GC invocations=2 (full 0):
 garbage-first heap   total 129024K, used 50108K [0x0000000082600000, 0x0000000100000000)
  region size 1024K, 22 young (22528K), 2 survivors (2048K)
 Metaspace       used 10098K, capacity 10282K, committed 10496K, reserved 1058816K
  class space    used 908K, capacity 974K, committed 1024K, reserved 1048576K
}
Event: 4.363 GC heap after
{Heap after GC invocations=3 (full 0):
 garbage-first heap   total 129024K, used 48640K [0x0000000082600000, 0x0000000100000000)
  region size 1024K, 3 young (3072K), 3 survivors (3072K)
 Metaspace       used 10098K, capacity 10282K, committed 10496K, reserved 1058816K
  class space    used 908K, capacity 974K, committed 1024K, reserved 1048576K
}
Event: 4.397 GC heap before
{Heap before GC invocations=3 (full 0):
 garbage-first heap   total 129024K, used 69120K [0x0000000082600000, 0x0000000100000000)
  region size 1024K, 23 young (23552K), 3 survivors (3072K)
 Metaspace       used 10098K, capacity 10282K, committed 10496K, reserved 1058816K
  class space    used 908K, capacity 974K, committed 1024K, reserved 1048576K
}
Event: 4.413 GC heap after
{Heap after GC invocations=4 (full 0):
 garbage-first heap   total 129024K, used 67584K [0x0000000082600000, 0x0000000100000000)
  region size 1024K, 3 young (3072K), 3 survivors (3072K)
 Metaspace       used 10098K, capacity 10282K, committed 10496K, reserved 1058816K
  class space    used 908K, capacity 974K, committed 1024K, reserved 1048576K
}
Event: 4.426 GC heap before
{Heap before GC invocations=4 (full 0):
 garbage-first heap   total 129024K, used 81920K [0x0000000082600000, 0x0000000100000000)
  region size 1024K, 17 young (17408K), 3 survivors (3072K)
 Metaspace       used 10098K, capacity 10282K, committed 10496K, reserved 1058816K
  class space    used 908K, capacity 974K, committed 1024K, reserved 1048576K
}
Event: 4.450 GC heap after
{Heap after GC invocations=5 (full 0):
 garbage-first heap   total 129024K, used 80896K [0x0000000082600000, 0x0000000100000000)
  region size 1024K, 3 young (3072K), 3 survivors (3072K)
 Metaspace       used 10098K, capacity 10282K, committed 10496K, reserved 1058816K
  class space    used 908K, capacity 974K, committed 1024K, reserved 1048576K
}
Event: 4.468 GC heap before
{Heap before GC invocations=5 (full 0):
 garbage-first heap   total 129024K, used 92160K [0x0000000082600000, 0x0000000100000000)
  region size 1024K, 14 young (14336K), 3 survivors (3072K)
 Metaspace       used 10098K, capacity 10282K, committed 10496K, reserved 1058816K
  class space    used 908K, capacity 974K, committed 1024K, reserved 1048576K
}
Event: 4.479 GC heap after
{Heap after GC invocations=6 (full 0):
 garbage-first heap   total 129024K, used 91648K [0x0000000082600000, 0x0000000100000000)
  region size 1024K, 2 young (2048K), 2 survivors (2048K)
 Metaspace       used 10098K, capacity 10282K, committed 10496K, reserved 1058816K
  class space    used 908K, capacity 974K, committed 1024K, reserved 1048576K
}
Event: 4.499 GC heap before
{Heap before GC invocations=6 (full 0):
 garbage-first heap   total 129024K, used 98816K [0x0000000082600000, 0x0000000100000000)
  region size 1024K, 9 young (9216K), 2 survivors (2048K)
 Metaspace       used 10098K, capacity 10282K, committed 10496K, reserved 1058816K
  class space    used 908K, capacity 974K, committed 1024K, reserved 1048576K
}
Event: 4.507 GC heap after
{Heap after GC invocations=7 (full 0):
 garbage-first heap   total 155648K, used 98816K [0x0000000082600000, 0x0000000100000000)
  region size 1024K, 2 young (2048K), 2 survivors (2048K)
 Metaspace       used 10098K, capacity 10282K, committed 10496K, reserved 1058816K
  class space    used 908K, capacity 974K, committed 1024K, reserved 1048576K
}

